2020-07-15 09:13:10,108 - INIT - INFO - inicio del programa
2020-07-15 09:14:01,725 - INIT - INFO - inicio del programa
2020-07-15 09:28:37,372 - INIT - INFO - inicio del programa
2020-07-15 09:29:32,172 - INIT - INFO - inicio del programa
2020-07-15 09:55:30,618 - INIT - INFO - inicio del programa
2020-07-15 09:55:30,619 - INIT - INFO - inicio del programa
2020-07-15 09:55:30,619 - INIT - INFO - inicio del programa
2020-07-15 09:55:57,872 - INIT - DEBUG - Ingresamos a la bd mysql
2020-07-15 09:55:57,872 - INIT - DEBUG - Ingresamos a la bd mysql
2020-07-15 09:57:30,253 - INIT - INFO - inicio del programa
2020-07-15 09:57:30,254 - INIT - INFO - inicio del programa
2020-07-15 09:57:30,254 - INIT - INFO - inicio del programa
2020-07-15 09:57:36,388 - INIT - DEBUG - Ingresamos a la bd mysql
2020-07-15 09:57:36,388 - INIT - DEBUG - Ingresamos a la bd mysql
2020-07-15 09:58:13,073 - INIT - DEBUG - Mostramos los Mantenimientos
2020-07-15 09:58:13,073 - INIT - DEBUG - Mostramos los Mantenimientos
2020-07-15 09:58:18,769 - INIT - DEBUG - escogio 1
2020-07-15 09:58:18,769 - INIT - DEBUG - escogio 1
2020-07-15 10:00:35,458 - INIT - INFO - inicio del programa
2020-07-15 10:00:35,459 - INIT - INFO - inicio del programa
2020-07-15 10:00:35,459 - INIT - INFO - inicio del programa
2020-07-15 10:00:42,336 - INIT - DEBUG - Ingresamos a la bd mysql
2020-07-15 10:00:42,336 - INIT - DEBUG - Ingresamos a la bd mysql
2020-07-15 10:03:45,377 - INIT - INFO - inicio del programa
2020-07-15 10:03:45,378 - INIT - INFO - inicio del programa
2020-07-15 10:03:45,378 - INIT - INFO - inicio del programa
2020-07-15 10:03:53,057 - INIT - DEBUG - Ingresamos a la bd mysql
2020-07-15 10:03:53,057 - INIT - DEBUG - Ingresamos a la bd mysql
2020-07-15 10:04:02,862 - INIT - INFO - inicio del programa
2020-07-15 10:04:02,862 - INIT - INFO - inicio del programa
2020-07-15 10:04:02,862 - INIT - INFO - inicio del programa
2020-07-15 10:04:11,114 - INIT - DEBUG - Ingresamos a la bd mysql
2020-07-15 10:04:11,114 - INIT - DEBUG - Ingresamos a la bd mysql
2020-07-15 10:09:21,485 - INIT - INFO - inicio del programa
2020-07-15 10:09:21,486 - INIT - INFO - inicio del programa
2020-07-15 10:09:21,486 - INIT - INFO - inicio del programa
2020-07-15 10:09:26,207 - INIT - DEBUG - Ingresamos a la bd mysql
2020-07-15 10:09:26,207 - INIT - DEBUG - Ingresamos a la bd mysql
2020-07-15 10:16:37,742 - INIT - INFO - inicio del programa
2020-07-15 10:16:37,742 - INIT - INFO - inicio del programa
2020-07-15 10:16:37,742 - INIT - INFO - inicio del programa
2020-07-15 10:17:37,815 - INIT - DEBUG - Ingresamos a la bd mysql
2020-07-15 10:17:37,815 - INIT - DEBUG - Ingresamos a la bd mysql
2020-07-15 10:17:41,175 - INIT - DEBUG - Mostramos el Menu crear Factura
2020-07-15 10:17:41,175 - INIT - DEBUG - Mostramos el Menu crear Factura
2020-07-15 10:17:41,176 - INIT - DEBUG - volvemos a mostrar menu
2020-07-15 10:17:41,176 - INIT - DEBUG - volvemos a mostrar menu
2020-07-15 10:17:46,639 - INIT - DEBUG - Ingresamos a la bd mysql
2020-07-15 10:17:46,639 - INIT - DEBUG - Ingresamos a la bd mysql
2020-07-15 10:17:48,616 - INIT - DEBUG - Mostramos los Mantenimientos
2020-07-15 10:17:48,616 - INIT - DEBUG - Mostramos los Mantenimientos
2020-07-15 10:17:50,248 - INIT - DEBUG - escogio 1
2020-07-15 10:17:50,248 - INIT - DEBUG - escogio 1
2020-07-15 10:20:26,864 - INIT - INFO - inicio del programa
2020-07-15 10:20:26,864 - INIT - INFO - inicio del programa
2020-07-15 10:20:26,864 - INIT - INFO - inicio del programa
2020-07-15 10:20:29,503 - INIT - DEBUG - Ingresamos a la bd mysql
2020-07-15 10:20:29,503 - INIT - DEBUG - Ingresamos a la bd mysql
2020-07-15 10:28:26,339 - INIT - INFO - inicio del programa
2020-07-15 10:28:26,339 - INIT - INFO - inicio del programa
2020-07-15 10:28:26,339 - INIT - INFO - inicio del programa
2020-07-15 10:28:42,876 - INIT - INFO - inicio del programa
2020-07-15 10:28:42,877 - INIT - INFO - inicio del programa
2020-07-15 10:28:42,877 - INIT - INFO - inicio del programa
2020-07-15 10:29:49,730 - INIT - INFO - inicio del programa
2020-07-15 10:29:49,731 - INIT - INFO - inicio del programa
2020-07-15 10:29:49,731 - INIT - INFO - inicio del programa
2020-07-15 10:29:59,358 - INIT - DEBUG - Ingresamos a la bd mysql
2020-07-15 10:29:59,358 - INIT - DEBUG - Ingresamos a la bd mysql
2020-07-15 10:34:36,767 - INIT - INFO - inicio del programa
2020-07-15 10:34:36,767 - INIT - INFO - inicio del programa
2020-07-15 10:34:36,767 - INIT - INFO - inicio del programa
2020-07-15 10:34:39,895 - INIT - DEBUG - Ingresamos a la bd mysql
2020-07-15 10:34:39,895 - INIT - DEBUG - Ingresamos a la bd mysql
2020-07-15 10:34:42,367 - INIT - DEBUG - Mostramos los Mantenimientos
2020-07-15 10:34:42,367 - INIT - DEBUG - Mostramos los Mantenimientos
2020-07-15 10:34:44,319 - INIT - DEBUG - escogio 1
2020-07-15 10:34:44,319 - INIT - DEBUG - escogio 1
2020-07-15 10:37:53,106 - INIT - INFO - inicio del programa
2020-07-15 10:37:53,106 - INIT - INFO - inicio del programa
2020-07-15 10:37:53,106 - INIT - INFO - inicio del programa
2020-07-15 10:37:55,071 - INIT - DEBUG - Ingresamos a la bd mysql
2020-07-15 10:37:55,071 - INIT - DEBUG - Ingresamos a la bd mysql
2020-07-15 10:37:57,279 - INIT - DEBUG - Mostramos los Mantenimientos
2020-07-15 10:37:57,279 - INIT - DEBUG - Mostramos los Mantenimientos
2020-07-15 10:37:59,757 - INIT - DEBUG - escogio 1
2020-07-15 10:37:59,757 - INIT - DEBUG - escogio 1
2020-07-15 10:43:20,717 - INIT - INFO - inicio del programa
2020-07-15 10:43:20,718 - INIT - INFO - inicio del programa
2020-07-15 10:43:20,718 - INIT - INFO - inicio del programa
2020-07-15 10:43:22,974 - INIT - DEBUG - Ingresamos a la bd mysql
2020-07-15 10:43:22,974 - INIT - DEBUG - Ingresamos a la bd mysql
2020-07-15 10:43:26,190 - INIT - DEBUG - Mostramos los Mantenimientos
2020-07-15 10:43:26,190 - INIT - DEBUG - Mostramos los Mantenimientos
2020-07-15 10:43:29,942 - INIT - DEBUG - escogio 1
2020-07-15 10:43:29,942 - INIT - DEBUG - escogio 1
2020-07-15 10:47:20,120 - INIT - INFO - inicio del programa
2020-07-15 10:47:20,120 - INIT - INFO - inicio del programa
2020-07-15 10:47:20,120 - INIT - INFO - inicio del programa
2020-07-15 10:47:21,924 - INIT - DEBUG - Ingresamos a la bd mysql
2020-07-15 10:47:21,924 - INIT - DEBUG - Ingresamos a la bd mysql
2020-07-15 10:47:24,589 - INIT - DEBUG - Mostramos los Mantenimientos
2020-07-15 10:47:24,589 - INIT - DEBUG - Mostramos los Mantenimientos
2020-07-15 10:47:26,246 - INIT - DEBUG - escogio 1
2020-07-15 10:47:26,246 - INIT - DEBUG - escogio 1
2020-07-15 11:25:11,493 - INIT - INFO - inicio del programa
2020-07-15 11:25:11,493 - INIT - INFO - inicio del programa
2020-07-15 11:25:11,493 - INIT - INFO - inicio del programa
2020-07-15 11:25:14,043 - INIT - DEBUG - Ingresamos a la bd mysql
2020-07-15 11:25:14,043 - INIT - DEBUG - Ingresamos a la bd mysql
2020-07-15 11:25:19,452 - INIT - DEBUG - Mostramos los Mantenimientos
2020-07-15 11:25:19,452 - INIT - DEBUG - Mostramos los Mantenimientos
2020-07-15 11:25:24,491 - INIT - DEBUG - escogio 1
2020-07-15 11:25:24,491 - INIT - DEBUG - escogio 1
2020-07-15 11:25:38,867 - INIT - INFO - inicio del programa
2020-07-15 11:25:38,868 - INIT - INFO - inicio del programa
2020-07-15 11:25:38,868 - INIT - INFO - inicio del programa
2020-07-15 11:25:42,626 - INIT - DEBUG - Ingresamos a la bd mysql
2020-07-15 11:25:42,626 - INIT - DEBUG - Ingresamos a la bd mysql
2020-07-15 11:25:49,340 - INIT - DEBUG - Mostramos los Mantenimientos
2020-07-15 11:25:49,340 - INIT - DEBUG - Mostramos los Mantenimientos
2020-07-15 11:25:54,132 - INIT - DEBUG - escogio 1
2020-07-15 11:25:54,132 - INIT - DEBUG - escogio 1
2020-07-15 11:29:22,437 - INIT - INFO - inicio del programa
2020-07-15 11:29:22,437 - INIT - INFO - inicio del programa
2020-07-15 11:29:22,437 - INIT - INFO - inicio del programa
2020-07-15 11:29:28,298 - INIT - DEBUG - Ingresamos a la bd mysql
2020-07-15 11:29:28,298 - INIT - DEBUG - Ingresamos a la bd mysql
2020-07-15 11:30:38,267 - INIT - DEBUG - Mostramos los Mantenimientos
2020-07-15 11:30:38,267 - INIT - DEBUG - Mostramos los Mantenimientos
2020-07-15 11:30:40,595 - INIT - DEBUG - escogio 1
2020-07-15 11:30:40,595 - INIT - DEBUG - escogio 1
2020-07-15 11:31:36,910 - INIT - INFO - inicio del programa
2020-07-15 11:31:36,911 - INIT - INFO - inicio del programa
2020-07-15 11:31:36,911 - INIT - INFO - inicio del programa
2020-07-15 11:31:52,685 - INIT - DEBUG - Ingresamos a la bd mysql
2020-07-15 11:31:52,685 - INIT - DEBUG - Ingresamos a la bd mysql
2020-07-15 11:34:42,895 - INIT - DEBUG - Mostramos los Mantenimientos
2020-07-15 11:34:42,895 - INIT - DEBUG - Mostramos los Mantenimientos
2020-07-15 11:35:04,459 - INIT - DEBUG - escogio 1
2020-07-15 11:35:04,459 - INIT - DEBUG - escogio 1
2020-07-15 11:41:07,589 - INIT - INFO - inicio del programa
2020-07-15 11:41:07,590 - INIT - INFO - inicio del programa
2020-07-15 11:41:07,590 - INIT - INFO - inicio del programa
2020-07-15 11:41:10,339 - INIT - DEBUG - Ingresamos a la bd mysql
2020-07-15 11:41:10,339 - INIT - DEBUG - Ingresamos a la bd mysql
2020-07-15 11:41:13,251 - INIT - DEBUG - Mostramos los Mantenimientos
2020-07-15 11:41:13,251 - INIT - DEBUG - Mostramos los Mantenimientos
2020-07-15 11:41:17,082 - INIT - DEBUG - escogio 1
2020-07-15 11:41:17,082 - INIT - DEBUG - escogio 1
2020-07-15 11:43:06,114 - INIT - INFO - inicio del programa
2020-07-15 11:43:18,427 - INIT - INFO - inicio del programa
2020-07-15 11:43:18,427 - INIT - INFO - inicio del programa
2020-07-15 11:43:18,427 - INIT - INFO - inicio del programa
2020-07-15 11:43:22,522 - INIT - DEBUG - Ingresamos a la bd mysql
2020-07-15 11:43:22,522 - INIT - DEBUG - Ingresamos a la bd mysql
2020-07-15 11:43:25,218 - INIT - DEBUG - Mostramos los Mantenimientos
2020-07-15 11:43:25,218 - INIT - DEBUG - Mostramos los Mantenimientos
2020-07-15 11:43:28,011 - INIT - DEBUG - escogio 1
2020-07-15 11:43:28,011 - INIT - DEBUG - escogio 1
2020-07-15 11:46:34,910 - INIT - INFO - inicio del programa
2020-07-15 11:46:34,911 - INIT - INFO - inicio del programa
2020-07-15 11:46:34,911 - INIT - INFO - inicio del programa
2020-07-15 11:46:38,089 - INIT - DEBUG - Ingresamos a la bd mysql
2020-07-15 11:46:38,089 - INIT - DEBUG - Ingresamos a la bd mysql
2020-07-15 11:46:44,274 - INIT - DEBUG - Mostramos los Mantenimientos
2020-07-15 11:46:44,274 - INIT - DEBUG - Mostramos los Mantenimientos
2020-07-15 11:46:46,587 - INIT - DEBUG - escogio 1
2020-07-15 11:46:46,587 - INIT - DEBUG - escogio 1
2020-07-15 11:47:54,697 - INIT - INFO - inicio del programa
2020-07-15 11:48:51,476 - INIT - INFO - inicio del programa
2020-07-15 11:48:51,476 - INIT - INFO - inicio del programa
2020-07-15 11:48:51,476 - INIT - INFO - inicio del programa
2020-07-15 11:48:58,186 - INIT - DEBUG - Ingresamos a la bd mysql
2020-07-15 11:48:58,186 - INIT - DEBUG - Ingresamos a la bd mysql
2020-07-15 11:49:00,218 - INIT - DEBUG - Mostramos los Mantenimientos
2020-07-15 11:49:00,218 - INIT - DEBUG - Mostramos los Mantenimientos
2020-07-15 11:49:01,690 - INIT - DEBUG - escogio 1
2020-07-15 11:49:01,690 - INIT - DEBUG - escogio 1
2020-07-15 11:49:55,698 - INIT - INFO - inicio del programa
2020-07-15 11:49:55,699 - INIT - INFO - inicio del programa
2020-07-15 11:49:55,699 - INIT - INFO - inicio del programa
2020-07-15 11:50:12,906 - INIT - DEBUG - Mostramos el Menu Buscar Factura
2020-07-15 11:50:12,906 - INIT - DEBUG - Mostramos el Menu Buscar Factura
2020-07-15 11:50:21,322 - INIT - DEBUG - Mostramos el Menu Buscar Factura
2020-07-15 11:50:21,322 - INIT - DEBUG - Mostramos el Menu Buscar Factura
2020-07-15 11:50:52,038 - INIT - INFO - inicio del programa
2020-07-15 11:50:52,038 - INIT - INFO - inicio del programa
2020-07-15 11:50:52,038 - INIT - INFO - inicio del programa
2020-07-15 11:50:56,098 - INIT - DEBUG - Mostramos el Menu Buscar Factura
2020-07-15 11:50:56,098 - INIT - DEBUG - Mostramos el Menu Buscar Factura
2020-07-15 11:50:59,162 - INIT - DEBUG - Mostramos los Mantenimientos
2020-07-15 11:50:59,162 - INIT - DEBUG - Mostramos los Mantenimientos
2020-07-15 11:51:01,537 - INIT - DEBUG - escogio 1
2020-07-15 11:51:01,537 - INIT - DEBUG - escogio 1
2020-07-15 11:59:22,323 - INIT - INFO - inicio del programa
2020-07-15 11:59:22,324 - INIT - INFO - inicio del programa
2020-07-15 11:59:22,324 - INIT - INFO - inicio del programa
2020-07-15 11:59:40,129 - INIT - DEBUG - Ingresamos a la bd mysql
2020-07-15 11:59:40,129 - INIT - DEBUG - Ingresamos a la bd mysql
2020-07-15 11:59:44,129 - INIT - DEBUG - Mostramos los Mantenimientos
2020-07-15 11:59:44,129 - INIT - DEBUG - Mostramos los Mantenimientos
2020-07-15 11:59:46,499 - INIT - DEBUG - escogio 1
2020-07-15 11:59:46,499 - INIT - DEBUG - escogio 1
2020-07-15 12:00:22,017 - INIT - DEBUG - Mostramos los Mantenimientos
2020-07-15 12:00:22,017 - INIT - DEBUG - Mostramos los Mantenimientos
2020-07-15 12:00:25,257 - INIT - DEBUG - escogio 1
2020-07-15 12:00:25,257 - INIT - DEBUG - escogio 1
2020-07-15 12:00:33,089 - INIT - DEBUG - buscamos el alumno
2020-07-15 12:00:33,089 - INIT - DEBUG - buscamos el alumno
2020-07-15 13:05:28,323 - INIT - INFO - inicio del programa
2020-07-15 13:05:28,326 - INIT - INFO - inicio del programa
2020-07-15 13:05:28,326 - INIT - INFO - inicio del programa
2020-07-15 13:05:28,326 - INIT - INFO - inicio del programa
2020-07-15 13:05:28,326 - INIT - INFO - inicio del programa
2020-07-15 13:05:28,326 - INIT - INFO - inicio del programa
2020-07-15 18:02:43,421 - INIT - INFO - inicio del programa
2020-07-15 18:02:43,425 - INIT - INFO - inicio del programa
2020-07-15 18:02:43,425 - INIT - INFO - inicio del programa
2020-07-15 18:02:43,432 - INIT - INFO - inicio del programa
2020-07-15 18:02:43,432 - INIT - INFO - inicio del programa
2020-07-15 18:02:43,432 - INIT - INFO - inicio del programa
2020-07-15 18:02:43,433 - INIT - INFO - inicio del programa
2020-07-15 18:02:43,433 - INIT - INFO - inicio del programa
2020-07-15 18:02:43,433 - INIT - INFO - inicio del programa
2020-07-15 18:02:43,433 - INIT - INFO - inicio del programa
2020-07-15 18:02:46,833 - INIT - DEBUG - Ingresamos a la bd mysql
2020-07-15 18:02:46,833 - INIT - DEBUG - Ingresamos a la bd mysql
2020-07-15 18:02:46,833 - INIT - DEBUG - Ingresamos a la bd mysql
2020-07-15 18:02:46,833 - INIT - DEBUG - Ingresamos a la bd mysql
2020-07-15 18:02:49,393 - INIT - DEBUG - volvemos a mostrar menu
2020-07-15 18:02:49,393 - INIT - DEBUG - volvemos a mostrar menu
2020-07-15 18:02:49,393 - INIT - DEBUG - volvemos a mostrar menu
2020-07-15 18:02:49,393 - INIT - DEBUG - volvemos a mostrar menu
2020-07-15 18:03:09,632 - INIT - INFO - inicio del programa
2020-07-15 18:03:09,633 - INIT - INFO - inicio del programa
2020-07-15 18:03:09,633 - INIT - INFO - inicio del programa
2020-07-15 18:03:09,633 - INIT - INFO - inicio del programa
2020-07-15 18:03:09,633 - INIT - INFO - inicio del programa
2020-07-15 18:03:09,633 - INIT - INFO - inicio del programa
2020-07-15 18:03:09,634 - INIT - INFO - inicio del programa
2020-07-15 18:03:09,634 - INIT - INFO - inicio del programa
2020-07-15 18:03:09,634 - INIT - INFO - inicio del programa
2020-07-15 18:03:09,634 - INIT - INFO - inicio del programa
2020-07-15 18:03:12,081 - INIT - DEBUG - Ingresamos a la bd mysql
2020-07-15 18:03:12,081 - INIT - DEBUG - Ingresamos a la bd mysql
2020-07-15 18:03:12,081 - INIT - DEBUG - Ingresamos a la bd mysql
2020-07-15 18:03:12,081 - INIT - DEBUG - Ingresamos a la bd mysql
2020-07-15 18:03:14,745 - INIT - DEBUG - Mostramos los Mantenimientos
2020-07-15 18:03:14,745 - INIT - DEBUG - Mostramos los Mantenimientos
2020-07-15 18:03:14,745 - INIT - DEBUG - Mostramos los Mantenimientos
2020-07-15 18:03:14,745 - INIT - DEBUG - Mostramos los Mantenimientos
2020-07-15 18:03:38,569 - INIT - DEBUG - escogio 2
2020-07-15 18:03:38,569 - INIT - DEBUG - escogio 2
2020-07-15 18:03:38,569 - INIT - DEBUG - escogio 2
2020-07-15 18:03:38,569 - INIT - DEBUG - escogio 2
2020-07-15 18:05:41,627 - INIT - INFO - inicio del programa
2020-07-15 18:05:41,628 - INIT - INFO - inicio del programa
2020-07-15 18:05:41,628 - INIT - INFO - inicio del programa
2020-07-15 18:05:41,629 - INIT - INFO - inicio del programa
2020-07-15 18:05:41,629 - INIT - INFO - inicio del programa
2020-07-15 18:05:41,629 - INIT - INFO - inicio del programa
2020-07-15 18:05:41,629 - INIT - INFO - inicio del programa
2020-07-15 18:05:41,629 - INIT - INFO - inicio del programa
2020-07-15 18:05:41,629 - INIT - INFO - inicio del programa
2020-07-15 18:05:41,629 - INIT - INFO - inicio del programa
2020-07-15 18:05:44,281 - INIT - DEBUG - Ingresamos a la bd mysql
2020-07-15 18:05:44,281 - INIT - DEBUG - Ingresamos a la bd mysql
2020-07-15 18:05:44,281 - INIT - DEBUG - Ingresamos a la bd mysql
2020-07-15 18:05:44,281 - INIT - DEBUG - Ingresamos a la bd mysql
2020-07-15 18:05:45,849 - INIT - DEBUG - Mostramos los Mantenimientos
2020-07-15 18:05:45,849 - INIT - DEBUG - Mostramos los Mantenimientos
2020-07-15 18:05:45,849 - INIT - DEBUG - Mostramos los Mantenimientos
2020-07-15 18:05:45,849 - INIT - DEBUG - Mostramos los Mantenimientos
2020-07-15 18:05:50,937 - INIT - DEBUG - escogio 2
2020-07-15 18:05:50,937 - INIT - DEBUG - escogio 2
2020-07-15 18:05:50,937 - INIT - DEBUG - escogio 2
2020-07-15 18:05:50,937 - INIT - DEBUG - escogio 2
2020-07-15 18:06:11,729 - INIT - DEBUG - Mostramos los Mantenimientos
2020-07-15 18:06:11,729 - INIT - DEBUG - Mostramos los Mantenimientos
2020-07-15 18:06:11,729 - INIT - DEBUG - Mostramos los Mantenimientos
2020-07-15 18:06:11,729 - INIT - DEBUG - Mostramos los Mantenimientos
2020-07-15 18:06:17,217 - INIT - DEBUG - escogio 2
2020-07-15 18:06:17,217 - INIT - DEBUG - escogio 2
2020-07-15 18:06:17,217 - INIT - DEBUG - escogio 2
2020-07-15 18:06:17,217 - INIT - DEBUG - escogio 2
2020-07-15 18:06:19,833 - INIT - DEBUG - buscamos el docente
2020-07-15 18:06:19,833 - INIT - DEBUG - buscamos el docente
2020-07-15 18:06:19,833 - INIT - DEBUG - buscamos el docente
2020-07-15 18:06:19,833 - INIT - DEBUG - buscamos el docente
2020-07-15 18:16:39,283 - INIT - INFO - inicio del programa
2020-07-15 18:16:39,287 - INIT - INFO - inicio del programa
2020-07-15 18:16:39,287 - INIT - INFO - inicio del programa
2020-07-15 18:16:39,288 - INIT - INFO - inicio del programa
2020-07-15 18:16:39,288 - INIT - INFO - inicio del programa
2020-07-15 18:16:39,288 - INIT - INFO - inicio del programa
2020-07-15 18:16:39,288 - INIT - INFO - inicio del programa
2020-07-15 18:16:39,288 - INIT - INFO - inicio del programa
2020-07-15 18:16:39,288 - INIT - INFO - inicio del programa
2020-07-15 18:16:39,288 - INIT - INFO - inicio del programa
2020-07-15 18:16:46,048 - INIT - DEBUG - Ingresamos a la bd mysql
2020-07-15 18:16:46,048 - INIT - DEBUG - Ingresamos a la bd mysql
2020-07-15 18:16:46,048 - INIT - DEBUG - Ingresamos a la bd mysql
2020-07-15 18:16:46,048 - INIT - DEBUG - Ingresamos a la bd mysql
2020-07-15 18:16:48,696 - INIT - DEBUG - Mostramos los Mantenimientos
2020-07-15 18:16:48,696 - INIT - DEBUG - Mostramos los Mantenimientos
2020-07-15 18:16:48,696 - INIT - DEBUG - Mostramos los Mantenimientos
2020-07-15 18:16:48,696 - INIT - DEBUG - Mostramos los Mantenimientos
